{"C:\\Users\\MrPc\\Desktop\\ExamProject\\Angular\\functions\\src\\dependency-factory.ts": {"path":"C:\\Users\\MrPc\\Desktop\\ExamProject\\Angular\\functions\\src\\dependency-factory.ts","statementMap":{"0":{"start":{"line":2,"column":0},"end":{"line":2,"column":81}},"1":{"start":{"line":3,"column":0},"end":{"line":3,"column":81}},"2":{"start":{"line":5,"column":0},"end":{"line":5,"column":58}},"3":{"start":{"line":9,"column":36},"end":{"line":9,"column":67}},"4":{"start":{"line":10,"column":36},"end":{"line":10,"column":60}},"5":{"start":{"line":11,"column":4},"end":{"line":11,"column":null}},"6":{"start":{"line":7,"column":0},"end":{"line":7,"column":13}}},"fnMap":{"0":{"name":"(anonymous_0)","decl":{"start":{"line":8,"column":2},"end":{"line":8,"column":22}},"loc":{"start":{"line":8,"column":22},"end":{"line":12,"column":3}}}},"branchMap":{},"s":{"0":1,"1":1,"2":1,"3":1,"4":1,"5":1,"6":1},"f":{"0":1},"b":{}}
,"C:\\Users\\MrPc\\Desktop\\ExamProject\\Angular\\functions\\src\\index.ts": {"path":"C:\\Users\\MrPc\\Desktop\\ExamProject\\Angular\\functions\\src\\index.ts","statementMap":{"0":{"start":{"line":1,"column":0},"end":{"line":1,"column":48}},"1":{"start":{"line":2,"column":0},"end":{"line":2,"column":40}},"2":{"start":{"line":3,"column":0},"end":{"line":3,"column":57}},"3":{"start":{"line":5,"column":26},"end":{"line":5,"column":49}},"4":{"start":{"line":7,"column":23},"end":{"line":7,"column":57}},"5":{"start":{"line":9,"column":0},"end":{"line":12,"column":null}},"6":{"start":{"line":22,"column":13},"end":{"line":26,"column":3}},"7":{"start":{"line":25,"column":2},"end":{"line":25,"column":78}}},"fnMap":{"0":{"name":"(anonymous_0)","decl":{"start":{"line":24,"column":10},"end":{"line":24,"column":11}},"loc":{"start":{"line":24,"column":27},"end":{"line":26,"column":1}}}},"branchMap":{},"s":{"0":1,"1":1,"2":1,"3":1,"4":1,"5":1,"6":1,"7":1},"f":{"0":1},"b":{}}
,"C:\\Users\\MrPc\\Desktop\\ExamProject\\Angular\\functions\\src\\products\\product.controller.firebase.ts": {"path":"C:\\Users\\MrPc\\Desktop\\ExamProject\\Angular\\functions\\src\\products\\product.controller.firebase.ts","statementMap":{"0":{"start":{"line":9,"column":22},"end":{"line":9,"column":52}},"1":{"start":{"line":12,"column":18},"end":{"line":12,"column":38}},"2":{"start":{"line":13,"column":4},"end":{"line":13,"column":72}},"3":{"start":{"line":18,"column":20},"end":{"line":18,"column":49}},"4":{"start":{"line":19,"column":19},"end":{"line":19,"column":47}},"5":{"start":{"line":21,"column":4},"end":{"line":21,"column":87}},"6":{"start":{"line":8,"column":0},"end":{"line":8,"column":13}}},"fnMap":{"0":{"name":"(anonymous_0)","decl":{"start":{"line":9,"column":2},"end":{"line":9,"column":22}},"loc":{"start":{"line":9,"column":52},"end":{"line":9,"column":56}}},"1":{"name":"(anonymous_1)","decl":{"start":{"line":11,"column":2},"end":{"line":11,"column":12}},"loc":{"start":{"line":11,"column":108},"end":{"line":14,"column":3}}},"2":{"name":"(anonymous_2)","decl":{"start":{"line":16,"column":2},"end":{"line":16,"column":15}},"loc":{"start":{"line":16,"column":69},"end":{"line":22,"column":3}}}},"branchMap":{},"s":{"0":1,"1":0,"2":0,"3":1,"4":1,"5":1,"6":1},"f":{"0":1,"1":0,"2":1},"b":{}}
,"C:\\Users\\MrPc\\Desktop\\ExamProject\\Angular\\functions\\src\\products\\product.repository.firebase.ts": {"path":"C:\\Users\\MrPc\\Desktop\\ExamProject\\Angular\\functions\\src\\products\\product.repository.firebase.ts","statementMap":{"0":{"start":{"line":1,"column":0},"end":{"line":1,"column":40}},"1":{"start":{"line":12,"column":4},"end":{"line":29,"column":9}},"2":{"start":{"line":28,"column":8},"end":{"line":28,"column":27}},"3":{"start":{"line":33,"column":6},"end":{"line":45,"column":11}},"4":{"start":{"line":34,"column":8},"end":{"line":41,"column":11}},"5":{"start":{"line":35,"column":24},"end":{"line":35,"column":50}},"6":{"start":{"line":36,"column":34},"end":{"line":36,"column":59}},"7":{"start":{"line":38,"column":10},"end":{"line":38,"column":35}},"8":{"start":{"line":39,"column":10},"end":{"line":39,"column":59}},"9":{"start":{"line":40,"column":10},"end":{"line":40,"column":122}},"10":{"start":{"line":44,"column":10},"end":{"line":44,"column":29}},"11":{"start":{"line":8,"column":0},"end":{"line":8,"column":13}}},"fnMap":{"0":{"name":"(anonymous_0)","decl":{"start":{"line":9,"column":2},"end":{"line":9,"column":12}},"loc":{"start":{"line":9,"column":39},"end":{"line":30,"column":3}}},"1":{"name":"(anonymous_1)","decl":{"start":{"line":12,"column":101},"end":{"line":12,"column":105}},"loc":{"start":{"line":12,"column":108},"end":{"line":27,"column":7}}},"2":{"name":"(anonymous_2)","decl":{"start":{"line":27,"column":15},"end":{"line":27,"column":20}},"loc":{"start":{"line":27,"column":23},"end":{"line":29,"column":7}}},"3":{"name":"(anonymous_3)","decl":{"start":{"line":32,"column":2},"end":{"line":32,"column":15}},"loc":{"start":{"line":32,"column":68},"end":{"line":47,"column":3}}},"4":{"name":"(anonymous_4)","decl":{"start":{"line":33,"column":109},"end":{"line":33,"column":118}},"loc":{"start":{"line":33,"column":131},"end":{"line":42,"column":7}}},"5":{"name":"(anonymous_5)","decl":{"start":{"line":34,"column":30},"end":{"line":34,"column":39}},"loc":{"start":{"line":34,"column":42},"end":{"line":41,"column":9}}},"6":{"name":"(anonymous_6)","decl":{"start":{"line":43,"column":15},"end":{"line":43,"column":20}},"loc":{"start":{"line":43,"column":23},"end":{"line":45,"column":9}}}},"branchMap":{},"s":{"0":1,"1":0,"2":0,"3":1,"4":1,"5":1,"6":1,"7":1,"8":1,"9":1,"10":0,"11":1},"f":{"0":0,"1":0,"2":0,"3":1,"4":1,"5":1,"6":0},"b":{}}
,"C:\\Users\\MrPc\\Desktop\\ExamProject\\Angular\\functions\\src\\products\\product.service.ts": {"path":"C:\\Users\\MrPc\\Desktop\\ExamProject\\Angular\\functions\\src\\products\\product.service.ts","statementMap":{"0":{"start":{"line":7,"column":22},"end":{"line":7,"column":58}},"1":{"start":{"line":10,"column":4},"end":{"line":10,"column":61}},"2":{"start":{"line":14,"column":4},"end":{"line":14,"column":75}},"3":{"start":{"line":5,"column":0},"end":{"line":5,"column":13}}},"fnMap":{"0":{"name":"(anonymous_0)","decl":{"start":{"line":7,"column":2},"end":{"line":7,"column":22}},"loc":{"start":{"line":7,"column":58},"end":{"line":7,"column":62}}},"1":{"name":"(anonymous_1)","decl":{"start":{"line":9,"column":2},"end":{"line":9,"column":12}},"loc":{"start":{"line":9,"column":41},"end":{"line":11,"column":3}}},"2":{"name":"(anonymous_2)","decl":{"start":{"line":13,"column":2},"end":{"line":13,"column":15}},"loc":{"start":{"line":13,"column":68},"end":{"line":15,"column":3}}}},"branchMap":{},"s":{"0":1,"1":0,"2":1,"3":1},"f":{"0":1,"1":0,"2":1},"b":{}}
}
